<?xml version="1.0" encoding="UTF-8"?>
<!-- Generated by org.testng.reporters.JUnitReportReporter -->
<testsuite hostname="LAPTOP-QH0ORSLD" failures="0" tests="1" name="TC002_POST_Request" time="2.400" errors="0" timestamp="2020-01-14T20:59:12 IST" skipped="0">
  <testcase classname="TC002_POST_Request" name="postCustomerRegister" time="2.400"/>
  <system-out/>
</testsuite> <!-- TC002_POST_Request -->
